{"name": "test_slider", "status": "broken", "statusDetails": {"message": "selenium.common.exceptions.TimeoutException: Message: \nStacktrace:\n\tGetHandleVerifier [0x0x7ff6dce6e935+77845]\n\tGetHandleVerifier [0x0x7ff6dce6e990+77936]\n\t(No symbol) [0x0x7ff6dcc29cda]\n\t(No symbol) [0x0x7ff6dcc806aa]\n\t(No symbol) [0x0x7ff6dcc8095c]\n\t(No symbol) [0x0x7ff6dccd3d07]\n\t(No symbol) [0x0x7ff6dcca890f]\n\t(No symbol) [0x0x7ff6dccd0b07]\n\t(No symbol) [0x0x7ff6dcca86a3]\n\t(No symbol) [0x0x7ff6dcc71791]\n\t(No symbol) [0x0x7ff6dcc72523]\n\tGetHandleVerifier [0x0x7ff6dd14684d+3059501]\n\tGetHandleVerifier [0x0x7ff6dd140c0d+3035885]\n\tGetHandleVerifier [0x0x7ff6dd160400+3164896]\n\tGetHandleVerifier [0x0x7ff6dce88c3e+185118]\n\tGetHandleVerifier [0x0x7ff6dce9054f+216111]\n\tGetHandleVerifier [0x0x7ff6dce772e4+113092]\n\tGetHandleVerifier [0x0x7ff6dce77499+113529]\n\tGetHandleVerifier [0x0x7ff6dce5e298+10616]\n\tBaseThreadInitThunk [0x0x7ffe2ae77374+20]\n\tRtlUserThreadStart [0x0x7ffe2be7cc91+33]", "trace": "@allure.description(\"Test about link\")\n    def test_slider():\n        options = webdriver.ChromeOptions()\n        driver = (webdriver.Chrome(options=options))\n    \n        print(\"Старт тест\")\n    \n        click_next_month = Click_calendars(driver)\n>       click_next_month.calendars()\n\ntest_res\\test_calendar.py:20: \n_ _ _ _ _ _ _ _ _ _ _ _ _ _ _ _ _ _ _ _ _ _ _ _ _ _ _ _ _ _ _ _ _ _ _ _ _ _ _ _ _ _ _ _ _ _ _ _ _ _ _ _ _ _ _ _ _ _ _ _ _ _ _ _ _ _ _ _ _ _ _ _ _ _ _ _ _ _ _ _ _ _ _ _ _ _ _ _ _ _\npages\\calendar.py:67: in calendars\n    self.click_selectorenteradate()\npages\\calendar.py:44: in click_selectorenteradate\n    self.get_selectorenteradate().click()\npages\\calendar.py:26: in get_selectorenteradate\n    return WebDriverWait(self.driver, 30).until(EC.element_to_be_clickable((\"xpath\", self.selectorenteradate)))\n_ _ _ _ _ _ _ _ _ _ _ _ _ _ _ _ _ _ _ _ _ _ _ _ _ _ _ _ _ _ _ _ _ _ _ _ _ _ _ _ _ _ _ _ _ _ _ _ _ _ _ _ _ _ _ _ _ _ _ _ _ _ _ _ _ _ _ _ _ _ _ _ _ _ _ _ _ _ _ _ _ _ _ _ _ _ _ _ _ _\n\nself = <selenium.webdriver.support.wait.WebDriverWait (session=\"069cff12688f12a56262074c042fb85e\")>\nmethod = <function element_to_be_clickable.<locals>._predicate at 0x000001F148BCD870>, message = ''\n\n    def until(self, method: Callable[[D], Union[Literal[False], T]], message: str = \"\") -> T:\n        \"\"\"Wait until the method returns a value that is not False.\n    \n        Calls the method provided with the driver as an argument until the\n        return value does not evaluate to ``False``.\n    \n        Parameters:\n        ----------\n        method: callable(WebDriver)\n            - A callable object that takes a WebDriver instance as an argument.\n    \n        message: str\n            - Optional message for :exc:`TimeoutException`\n    \n        Return:\n        -------\n        object: T\n            - The result of the last call to `method`\n    \n        Raises:\n        -------\n        TimeoutException\n            - If 'method' does not return a truthy value within the WebDriverWait\n            object's timeout\n    \n        Example:\n        --------\n        >>> from selenium.webdriver.common.by import By\n        >>> from selenium.webdriver.support.ui import WebDriverWait\n        >>> from selenium.webdriver.support import expected_conditions as EC\n    \n        # Wait until an element is visible on the page\n        >>> wait = WebDriverWait(driver, 10)\n        >>> element = wait.until(EC.visibility_of_element_located((By.ID, \"exampleId\")))\n        >>> print(element.text)\n        \"\"\"\n        screen = None\n        stacktrace = None\n    \n        end_time = time.monotonic() + self._timeout\n        while True:\n            try:\n                value = method(self._driver)\n                if value:\n                    return value\n            except self._ignored_exceptions as exc:\n                screen = getattr(exc, \"screen\", None)\n                stacktrace = getattr(exc, \"stacktrace\", None)\n            if time.monotonic() > end_time:\n                break\n            time.sleep(self._poll)\n>       raise TimeoutException(message, screen, stacktrace)\nE       selenium.common.exceptions.TimeoutException: Message: \nE       Stacktrace:\nE       \tGetHandleVerifier [0x0x7ff6dce6e935+77845]\nE       \tGetHandleVerifier [0x0x7ff6dce6e990+77936]\nE       \t(No symbol) [0x0x7ff6dcc29cda]\nE       \t(No symbol) [0x0x7ff6dcc806aa]\nE       \t(No symbol) [0x0x7ff6dcc8095c]\nE       \t(No symbol) [0x0x7ff6dccd3d07]\nE       \t(No symbol) [0x0x7ff6dcca890f]\nE       \t(No symbol) [0x0x7ff6dccd0b07]\nE       \t(No symbol) [0x0x7ff6dcca86a3]\nE       \t(No symbol) [0x0x7ff6dcc71791]\nE       \t(No symbol) [0x0x7ff6dcc72523]\nE       \tGetHandleVerifier [0x0x7ff6dd14684d+3059501]\nE       \tGetHandleVerifier [0x0x7ff6dd140c0d+3035885]\nE       \tGetHandleVerifier [0x0x7ff6dd160400+3164896]\nE       \tGetHandleVerifier [0x0x7ff6dce88c3e+185118]\nE       \tGetHandleVerifier [0x0x7ff6dce9054f+216111]\nE       \tGetHandleVerifier [0x0x7ff6dce772e4+113092]\nE       \tGetHandleVerifier [0x0x7ff6dce77499+113529]\nE       \tGetHandleVerifier [0x0x7ff6dce5e298+10616]\nE       \tBaseThreadInitThunk [0x0x7ffe2ae77374+20]\nE       \tRtlUserThreadStart [0x0x7ffe2be7cc91+33]\n\n.venv\\lib\\site-packages\\selenium\\webdriver\\support\\wait.py:146: TimeoutException"}, "description": "Test about link", "steps": [{"name": "time javaScripts", "status": "broken", "statusDetails": {"message": "selenium.common.exceptions.TimeoutException: Message: \nStacktrace:\n\tGetHandleVerifier [0x0x7ff6dce6e935+77845]\n\tGetHandleVerifier [0x0x7ff6dce6e990+77936]\n\t(No symbol) [0x0x7ff6dcc29cda]\n\t(No symbol) [0x0x7ff6dcc806aa]\n\t(No symbol) [0x0x7ff6dcc8095c]\n\t(No symbol) [0x0x7ff6dccd3d07]\n\t(No symbol) [0x0x7ff6dcca890f]\n\t(No symbol) [0x0x7ff6dccd0b07]\n\t(No symbol) [0x0x7ff6dcca86a3]\n\t(No symbol) [0x0x7ff6dcc71791]\n\t(No symbol) [0x0x7ff6dcc72523]\n\tGetHandleVerifier [0x0x7ff6dd14684d+3059501]\n\tGetHandleVerifier [0x0x7ff6dd140c0d+3035885]\n\tGetHandleVerifier [0x0x7ff6dd160400+3164896]\n\tGetHandleVerifier [0x0x7ff6dce88c3e+185118]\n\tGetHandleVerifier [0x0x7ff6dce9054f+216111]\n\tGetHandleVerifier [0x0x7ff6dce772e4+113092]\n\tGetHandleVerifier [0x0x7ff6dce77499+113529]\n\tGetHandleVerifier [0x0x7ff6dce5e298+10616]\n\tBaseThreadInitThunk [0x0x7ffe2ae77374+20]\n\tRtlUserThreadStart [0x0x7ffe2be7cc91+33]\n\n", "trace": "  File \"C:\\Users\\d.milyakova\\Desktop\\testUa\\pythonProject2\\pages\\calendar.py\", line 67, in calendars\n    self.click_selectorenteradate()\n  File \"C:\\Users\\d.milyakova\\Desktop\\testUa\\pythonProject2\\pages\\calendar.py\", line 44, in click_selectorenteradate\n    self.get_selectorenteradate().click()\n  File \"C:\\Users\\d.milyakova\\Desktop\\testUa\\pythonProject2\\pages\\calendar.py\", line 26, in get_selectorenteradate\n    return WebDriverWait(self.driver, 30).until(EC.element_to_be_clickable((\"xpath\", self.selectorenteradate)))\n  File \"C:\\Users\\d.milyakova\\Desktop\\testUa\\pythonProject2\\.venv\\lib\\site-packages\\selenium\\webdriver\\support\\wait.py\", line 146, in until\n    raise TimeoutException(message, screen, stacktrace)\n"}, "start": 1753683998313, "stop": 1753684030179}], "attachments": [{"name": "stdout", "source": "6177427b-9c50-4eee-8d10-43c4ce90fb7b-attachment.txt", "type": "text/plain"}], "start": 1753683996579, "stop": 1753684030188, "uuid": "ba6c7698-2e9a-4fcf-b7e9-1bf03897a42b", "historyId": "d8067fe50b380d67d45a1a88cc4b8ce4", "testCaseId": "d8067fe50b380d67d45a1a88cc4b8ce4", "fullName": "test_res.test_calendar#test_slider", "labels": [{"name": "parentSuite", "value": "test_res"}, {"name": "suite", "value": "test_calendar"}, {"name": "host", "value": "dmilyakova"}, {"name": "thread", "value": "26396-MainThread"}, {"name": "framework", "value": "pytest"}, {"name": "language", "value": "cpython3"}, {"name": "package", "value": "test_res.test_calendar"}]}