{"name": "test_time_Js", "status": "broken", "statusDetails": {"message": "selenium.common.exceptions.TimeoutException: Message: \nStacktrace:\n\tGetHandleVerifier [0x0x7ff7dcefe935+77845]\n\tGetHandleVerifier [0x0x7ff7dcefe990+77936]\n\t(No symbol) [0x0x7ff7dccb9cda]\n\t(No symbol) [0x0x7ff7dcd106aa]\n\t(No symbol) [0x0x7ff7dcd1095c]\n\t(No symbol) [0x0x7ff7dcd63d07]\n\t(No symbol) [0x0x7ff7dcd3890f]\n\t(No symbol) [0x0x7ff7dcd60b07]\n\t(No symbol) [0x0x7ff7dcd386a3]\n\t(No symbol) [0x0x7ff7dcd01791]\n\t(No symbol) [0x0x7ff7dcd02523]\n\tGetHandleVerifier [0x0x7ff7dd1d684d+3059501]\n\tGetHandleVerifier [0x0x7ff7dd1d0c0d+3035885]\n\tGetHandleVerifier [0x0x7ff7dd1f0400+3164896]\n\tGetHandleVerifier [0x0x7ff7dcf18c3e+185118]\n\tGetHandleVerifier [0x0x7ff7dcf2054f+216111]\n\tGetHandleVerifier [0x0x7ff7dcf072e4+113092]\n\tGetHandleVerifier [0x0x7ff7dcf07499+113529]\n\tGetHandleVerifier [0x0x7ff7dceee298+10616]\n\tBaseThreadInitThunk [0x0x7ffe2ae77374+20]\n\tRtlUserThreadStart [0x0x7ffe2be7cc91+33]", "trace": "@allure.description(\"Test about link\")\n    def test_time_Js():\n        options = webdriver.ChromeOptions()\n        driver = (webdriver.Chrome(options=options))\n    \n        print(\"Старт тест\")\n    \n        click_js = Click_javaScripts(driver)\n>       click_js.c_Js()\n\ntest_res\\test_javaScripts.py:20: \n_ _ _ _ _ _ _ _ _ _ _ _ _ _ _ _ _ _ _ _ _ _ _ _ _ _ _ _ _ _ _ _ _ _ _ _ _ _ _ _ _ _ _ _ _ _ _ _ _ _ _ _ _ _ _ _ _ _ _ _ _ _ _ _ _ _ _ _ _ _ _ _ _ _ _ _ _ _ _ _ _ _ _ _ _ _ _ _ _ _\npages\\time_javaScripts.py:39: in c_Js\n    assert self.get_text() == 'Liftoff!'\npages\\time_javaScripts.py:24: in get_text\n    WebDriverWait(self.driver, 30).until(EC.text_to_be_present_in_element_value((\"xpath\", self.text), 'Liftoff!'))\n_ _ _ _ _ _ _ _ _ _ _ _ _ _ _ _ _ _ _ _ _ _ _ _ _ _ _ _ _ _ _ _ _ _ _ _ _ _ _ _ _ _ _ _ _ _ _ _ _ _ _ _ _ _ _ _ _ _ _ _ _ _ _ _ _ _ _ _ _ _ _ _ _ _ _ _ _ _ _ _ _ _ _ _ _ _ _ _ _ _\n\nself = <selenium.webdriver.support.wait.WebDriverWait (session=\"e11cc22bfcd6534720318729f7a0b069\")>\nmethod = <function text_to_be_present_in_element_value.<locals>._predicate at 0x0000020E9FDCEE60>, message = ''\n\n    def until(self, method: Callable[[D], Union[Literal[False], T]], message: str = \"\") -> T:\n        \"\"\"Wait until the method returns a value that is not False.\n    \n        Calls the method provided with the driver as an argument until the\n        return value does not evaluate to ``False``.\n    \n        Parameters:\n        ----------\n        method: callable(WebDriver)\n            - A callable object that takes a WebDriver instance as an argument.\n    \n        message: str\n            - Optional message for :exc:`TimeoutException`\n    \n        Return:\n        -------\n        object: T\n            - The result of the last call to `method`\n    \n        Raises:\n        -------\n        TimeoutException\n            - If 'method' does not return a truthy value within the WebDriverWait\n            object's timeout\n    \n        Example:\n        --------\n        >>> from selenium.webdriver.common.by import By\n        >>> from selenium.webdriver.support.ui import WebDriverWait\n        >>> from selenium.webdriver.support import expected_conditions as EC\n    \n        # Wait until an element is visible on the page\n        >>> wait = WebDriverWait(driver, 10)\n        >>> element = wait.until(EC.visibility_of_element_located((By.ID, \"exampleId\")))\n        >>> print(element.text)\n        \"\"\"\n        screen = None\n        stacktrace = None\n    \n        end_time = time.monotonic() + self._timeout\n        while True:\n            try:\n                value = method(self._driver)\n                if value:\n                    return value\n            except self._ignored_exceptions as exc:\n                screen = getattr(exc, \"screen\", None)\n                stacktrace = getattr(exc, \"stacktrace\", None)\n            if time.monotonic() > end_time:\n                break\n            time.sleep(self._poll)\n>       raise TimeoutException(message, screen, stacktrace)\nE       selenium.common.exceptions.TimeoutException: Message: \nE       Stacktrace:\nE       \tGetHandleVerifier [0x0x7ff7dcefe935+77845]\nE       \tGetHandleVerifier [0x0x7ff7dcefe990+77936]\nE       \t(No symbol) [0x0x7ff7dccb9cda]\nE       \t(No symbol) [0x0x7ff7dcd106aa]\nE       \t(No symbol) [0x0x7ff7dcd1095c]\nE       \t(No symbol) [0x0x7ff7dcd63d07]\nE       \t(No symbol) [0x0x7ff7dcd3890f]\nE       \t(No symbol) [0x0x7ff7dcd60b07]\nE       \t(No symbol) [0x0x7ff7dcd386a3]\nE       \t(No symbol) [0x0x7ff7dcd01791]\nE       \t(No symbol) [0x0x7ff7dcd02523]\nE       \tGetHandleVerifier [0x0x7ff7dd1d684d+3059501]\nE       \tGetHandleVerifier [0x0x7ff7dd1d0c0d+3035885]\nE       \tGetHandleVerifier [0x0x7ff7dd1f0400+3164896]\nE       \tGetHandleVerifier [0x0x7ff7dcf18c3e+185118]\nE       \tGetHandleVerifier [0x0x7ff7dcf2054f+216111]\nE       \tGetHandleVerifier [0x0x7ff7dcf072e4+113092]\nE       \tGetHandleVerifier [0x0x7ff7dcf07499+113529]\nE       \tGetHandleVerifier [0x0x7ff7dceee298+10616]\nE       \tBaseThreadInitThunk [0x0x7ffe2ae77374+20]\nE       \tRtlUserThreadStart [0x0x7ffe2be7cc91+33]\n\n.venv\\lib\\site-packages\\selenium\\webdriver\\support\\wait.py:146: TimeoutException"}, "description": "Test about link", "steps": [{"name": "time javaScripts", "status": "broken", "statusDetails": {"message": "selenium.common.exceptions.TimeoutException: Message: \nStacktrace:\n\tGetHandleVerifier [0x0x7ff7dcefe935+77845]\n\tGetHandleVerifier [0x0x7ff7dcefe990+77936]\n\t(No symbol) [0x0x7ff7dccb9cda]\n\t(No symbol) [0x0x7ff7dcd106aa]\n\t(No symbol) [0x0x7ff7dcd1095c]\n\t(No symbol) [0x0x7ff7dcd63d07]\n\t(No symbol) [0x0x7ff7dcd3890f]\n\t(No symbol) [0x0x7ff7dcd60b07]\n\t(No symbol) [0x0x7ff7dcd386a3]\n\t(No symbol) [0x0x7ff7dcd01791]\n\t(No symbol) [0x0x7ff7dcd02523]\n\tGetHandleVerifier [0x0x7ff7dd1d684d+3059501]\n\tGetHandleVerifier [0x0x7ff7dd1d0c0d+3035885]\n\tGetHandleVerifier [0x0x7ff7dd1f0400+3164896]\n\tGetHandleVerifier [0x0x7ff7dcf18c3e+185118]\n\tGetHandleVerifier [0x0x7ff7dcf2054f+216111]\n\tGetHandleVerifier [0x0x7ff7dcf072e4+113092]\n\tGetHandleVerifier [0x0x7ff7dcf07499+113529]\n\tGetHandleVerifier [0x0x7ff7dceee298+10616]\n\tBaseThreadInitThunk [0x0x7ffe2ae77374+20]\n\tRtlUserThreadStart [0x0x7ffe2be7cc91+33]\n\n", "trace": "  File \"C:\\Users\\d.milyakova\\Desktop\\testUa\\pythonProject2\\pages\\time_javaScripts.py\", line 39, in c_Js\n    assert self.get_text() == 'Liftoff!'\n  File \"C:\\Users\\d.milyakova\\Desktop\\testUa\\pythonProject2\\pages\\time_javaScripts.py\", line 24, in get_text\n    WebDriverWait(self.driver, 30).until(EC.text_to_be_present_in_element_value((\"xpath\", self.text), 'Liftoff!'))\n  File \"C:\\Users\\d.milyakova\\Desktop\\testUa\\pythonProject2\\.venv\\lib\\site-packages\\selenium\\webdriver\\support\\wait.py\", line 146, in until\n    raise TimeoutException(message, screen, stacktrace)\n"}, "start": 1753428801137, "stop": 1753428854019}], "attachments": [{"name": "stdout", "source": "854514dc-e12a-4961-8eaf-82392c4ff39b-attachment.txt", "type": "text/plain"}], "start": 1753428799361, "stop": 1753428854035, "uuid": "87ba3b34-434b-4118-a31e-4313fda55a43", "historyId": "2d9b7a81012665b93018b6b4a74b5d1f", "testCaseId": "2d9b7a81012665b93018b6b4a74b5d1f", "fullName": "test_res.test_javaScripts#test_time_Js", "labels": [{"name": "parentSuite", "value": "test_res"}, {"name": "suite", "value": "test_javaScripts"}, {"name": "host", "value": "dmilyakova"}, {"name": "thread", "value": "17756-MainThread"}, {"name": "framework", "value": "pytest"}, {"name": "language", "value": "cpython3"}, {"name": "package", "value": "test_res.test_javaScripts"}]}