{"name": "test_gestures", "status": "broken", "statusDetails": {"message": "selenium.common.exceptions.TimeoutException: Message:", "trace": "@allure.description(\"Test about link\")\n    def test_gestures():\n        options = webdriver.ChromeOptions()\n        driver = (webdriver.Chrome(options=options))\n    \n        print(\"Старт тест\")\n    \n        click_move = Gestures(driver)\n>       click_move.gestures()\n\ntest_res\\test_gestures.py:20: \n_ _ _ _ _ _ _ _ _ _ _ _ _ _ _ _ _ _ _ _ _ _ _ _ _ _ _ _ _ _ _ _ _ _ _ _ _ _ _ _ _ _ _ _ _ _ _ _ _ _ _ _ _ _ _ _ _ _ _ _ _ _ _ _ _ _ _ _ _ _ _ _ _ _ _ _ _ _ _ _ _ _ _ _ _ _ _ _ _ _\npages\\gestures.py:82: in gestures\n    self.click_lake_man()\npages\\gestures.py:63: in click_lake_man\n    element2 = self.get_lake_man_drop()\npages\\gestures.py:52: in get_lake_man_drop\n    return WebDriverWait(self.driver, 30).until(EC.visibility_of_element_located((\"xpath\", self.lake_man_drop)))\n_ _ _ _ _ _ _ _ _ _ _ _ _ _ _ _ _ _ _ _ _ _ _ _ _ _ _ _ _ _ _ _ _ _ _ _ _ _ _ _ _ _ _ _ _ _ _ _ _ _ _ _ _ _ _ _ _ _ _ _ _ _ _ _ _ _ _ _ _ _ _ _ _ _ _ _ _ _ _ _ _ _ _ _ _ _ _ _ _ _\n\nself = <selenium.webdriver.support.wait.WebDriverWait (session=\"7569333105f0409330c13316db7bbd8e\")>\nmethod = <function visibility_of_element_located.<locals>._predicate at 0x0000020E9FDCEB90>, message = ''\n\n    def until(self, method: Callable[[D], Union[Literal[False], T]], message: str = \"\") -> T:\n        \"\"\"Wait until the method returns a value that is not False.\n    \n        Calls the method provided with the driver as an argument until the\n        return value does not evaluate to ``False``.\n    \n        Parameters:\n        ----------\n        method: callable(WebDriver)\n            - A callable object that takes a WebDriver instance as an argument.\n    \n        message: str\n            - Optional message for :exc:`TimeoutException`\n    \n        Return:\n        -------\n        object: T\n            - The result of the last call to `method`\n    \n        Raises:\n        -------\n        TimeoutException\n            - If 'method' does not return a truthy value within the WebDriverWait\n            object's timeout\n    \n        Example:\n        --------\n        >>> from selenium.webdriver.common.by import By\n        >>> from selenium.webdriver.support.ui import WebDriverWait\n        >>> from selenium.webdriver.support import expected_conditions as EC\n    \n        # Wait until an element is visible on the page\n        >>> wait = WebDriverWait(driver, 10)\n        >>> element = wait.until(EC.visibility_of_element_located((By.ID, \"exampleId\")))\n        >>> print(element.text)\n        \"\"\"\n        screen = None\n        stacktrace = None\n    \n        end_time = time.monotonic() + self._timeout\n        while True:\n            try:\n                value = method(self._driver)\n                if value:\n                    return value\n            except self._ignored_exceptions as exc:\n                screen = getattr(exc, \"screen\", None)\n                stacktrace = getattr(exc, \"stacktrace\", None)\n            if time.monotonic() > end_time:\n                break\n            time.sleep(self._poll)\n>       raise TimeoutException(message, screen, stacktrace)\nE       selenium.common.exceptions.TimeoutException: Message:\n\n.venv\\lib\\site-packages\\selenium\\webdriver\\support\\wait.py:146: TimeoutException"}, "description": "Test about link", "steps": [{"name": "time javaScripts", "status": "broken", "statusDetails": {"message": "selenium.common.exceptions.TimeoutException: Message: \n\n", "trace": "  File \"C:\\Users\\d.milyakova\\Desktop\\testUa\\pythonProject2\\pages\\gestures.py\", line 82, in gestures\n    self.click_lake_man()\n  File \"C:\\Users\\d.milyakova\\Desktop\\testUa\\pythonProject2\\pages\\gestures.py\", line 63, in click_lake_man\n    element2 = self.get_lake_man_drop()\n  File \"C:\\Users\\d.milyakova\\Desktop\\testUa\\pythonProject2\\pages\\gestures.py\", line 52, in get_lake_man_drop\n    return WebDriverWait(self.driver, 30).until(EC.visibility_of_element_located((\"xpath\", self.lake_man_drop)))\n  File \"C:\\Users\\d.milyakova\\Desktop\\testUa\\pythonProject2\\.venv\\lib\\site-packages\\selenium\\webdriver\\support\\wait.py\", line 146, in until\n    raise TimeoutException(message, screen, stacktrace)\n"}, "start": 1753428621885, "stop": 1753428676546}], "attachments": [{"name": "stdout", "source": "ff2b42d9-8e8c-4b93-98f1-8e8b6ca24e2b-attachment.txt", "type": "text/plain"}], "start": 1753428620125, "stop": 1753428676560, "uuid": "c2ced9d5-1922-4e5e-bac4-76764f652638", "historyId": "dc78c659a94c0b3e4c64db8c5aa0b1f4", "testCaseId": "dc78c659a94c0b3e4c64db8c5aa0b1f4", "fullName": "test_res.test_gestures#test_gestures", "labels": [{"name": "parentSuite", "value": "test_res"}, {"name": "suite", "value": "test_gestures"}, {"name": "host", "value": "dmilyakova"}, {"name": "thread", "value": "17756-MainThread"}, {"name": "framework", "value": "pytest"}, {"name": "language", "value": "cpython3"}, {"name": "package", "value": "test_res.test_gestures"}]}