{"name": "test_slider", "status": "broken", "statusDetails": {"message": "selenium.common.exceptions.TimeoutException: Message: \nStacktrace:\n\tGetHandleVerifier [0x0x7ff61230e415+77285]\n\tGetHandleVerifier [0x0x7ff61230e470+77376]\n\t(No symbol) [0x0x7ff6120d9a6a]\n\t(No symbol) [0x0x7ff612130406]\n\t(No symbol) [0x0x7ff6121306bc]\n\t(No symbol) [0x0x7ff612183ac7]\n\t(No symbol) [0x0x7ff61215864f]\n\t(No symbol) [0x0x7ff61218087f]\n\t(No symbol) [0x0x7ff6121583e3]\n\t(No symbol) [0x0x7ff612121521]\n\t(No symbol) [0x0x7ff6121222b3]\n\tGetHandleVerifier [0x0x7ff6125f1efd+3107021]\n\tGetHandleVerifier [0x0x7ff6125ec29d+3083373]\n\tGetHandleVerifier [0x0x7ff61260bedd+3213485]\n\tGetHandleVerifier [0x0x7ff61232884e+184862]\n\tGetHandleVerifier [0x0x7ff61233055f+216879]\n\tGetHandleVerifier [0x0x7ff612317084+113236]\n\tGetHandleVerifier [0x0x7ff612317239+113673]\n\tGetHandleVerifier [0x0x7ff6122fe298+11368]\n\tBaseThreadInitThunk [0x0x7ff9aa457374+20]\n\tRtlUserThreadStart [0x0x7ff9ac49cc91+33]", "trace": "@allure.description(\"Test about link\")\n    def test_slider():\n        options = webdriver.ChromeOptions()\n        driver = (webdriver.Chrome(options=options))\n    \n        print(\"Старт тест\")\n    \n        click_next_month = Click_calendars(driver)\n>       click_next_month.calendars()\n\ntest_res\\test_calendar.py:20: \n_ _ _ _ _ _ _ _ _ _ _ _ _ _ _ _ _ _ _ _ _ _ _ _ _ _ _ _ _ _ _ _ _ _ _ _ _ _ _ _ _ _ _ _ _ _ _ _ _ _ _ _ _ _ _ _ _ _ _ _ _ _ _ _ _ _ _ _ _ _ _ _ _ _ _ _ _ _ _ _ _ _ _ _ _ _ _ _ _ _\npages\\calendar.py:67: in calendars\n    self.click_selectorenteradate()\npages\\calendar.py:44: in click_selectorenteradate\n    self.get_selectorenteradate().click()\npages\\calendar.py:26: in get_selectorenteradate\n    return WebDriverWait(self.driver, 30).until(EC.element_to_be_clickable((\"xpath\", self.selectorenteradate)))\n_ _ _ _ _ _ _ _ _ _ _ _ _ _ _ _ _ _ _ _ _ _ _ _ _ _ _ _ _ _ _ _ _ _ _ _ _ _ _ _ _ _ _ _ _ _ _ _ _ _ _ _ _ _ _ _ _ _ _ _ _ _ _ _ _ _ _ _ _ _ _ _ _ _ _ _ _ _ _ _ _ _ _ _ _ _ _ _ _ _\n\nself = <selenium.webdriver.support.wait.WebDriverWait (session=\"ee7bee389811bbf3406ef5014adc2cc1\")>\nmethod = <function element_to_be_clickable.<locals>._predicate at 0x000001A1FA2156C0>, message = ''\n\n    def until(self, method: Callable[[D], Union[Literal[False], T]], message: str = \"\") -> T:\n        \"\"\"Wait until the method returns a value that is not False.\n    \n        Calls the method provided with the driver as an argument until the\n        return value does not evaluate to ``False``.\n    \n        Parameters:\n        ----------\n        method: callable(WebDriver)\n            - A callable object that takes a WebDriver instance as an argument.\n    \n        message: str\n            - Optional message for :exc:`TimeoutException`\n    \n        Return:\n        -------\n        object: T\n            - The result of the last call to `method`\n    \n        Raises:\n        -------\n        TimeoutException\n            - If 'method' does not return a truthy value within the WebDriverWait\n            object's timeout\n    \n        Example:\n        --------\n        >>> from selenium.webdriver.common.by import By\n        >>> from selenium.webdriver.support.ui import WebDriverWait\n        >>> from selenium.webdriver.support import expected_conditions as EC\n    \n        # Wait until an element is visible on the page\n        >>> wait = WebDriverWait(driver, 10)\n        >>> element = wait.until(EC.visibility_of_element_located((By.ID, \"exampleId\")))\n        >>> print(element.text)\n        \"\"\"\n        screen = None\n        stacktrace = None\n    \n        end_time = time.monotonic() + self._timeout\n        while True:\n            try:\n                value = method(self._driver)\n                if value:\n                    return value\n            except self._ignored_exceptions as exc:\n                screen = getattr(exc, \"screen\", None)\n                stacktrace = getattr(exc, \"stacktrace\", None)\n            if time.monotonic() > end_time:\n                break\n            time.sleep(self._poll)\n>       raise TimeoutException(message, screen, stacktrace)\nE       selenium.common.exceptions.TimeoutException: Message: \nE       Stacktrace:\nE       \tGetHandleVerifier [0x0x7ff61230e415+77285]\nE       \tGetHandleVerifier [0x0x7ff61230e470+77376]\nE       \t(No symbol) [0x0x7ff6120d9a6a]\nE       \t(No symbol) [0x0x7ff612130406]\nE       \t(No symbol) [0x0x7ff6121306bc]\nE       \t(No symbol) [0x0x7ff612183ac7]\nE       \t(No symbol) [0x0x7ff61215864f]\nE       \t(No symbol) [0x0x7ff61218087f]\nE       \t(No symbol) [0x0x7ff6121583e3]\nE       \t(No symbol) [0x0x7ff612121521]\nE       \t(No symbol) [0x0x7ff6121222b3]\nE       \tGetHandleVerifier [0x0x7ff6125f1efd+3107021]\nE       \tGetHandleVerifier [0x0x7ff6125ec29d+3083373]\nE       \tGetHandleVerifier [0x0x7ff61260bedd+3213485]\nE       \tGetHandleVerifier [0x0x7ff61232884e+184862]\nE       \tGetHandleVerifier [0x0x7ff61233055f+216879]\nE       \tGetHandleVerifier [0x0x7ff612317084+113236]\nE       \tGetHandleVerifier [0x0x7ff612317239+113673]\nE       \tGetHandleVerifier [0x0x7ff6122fe298+11368]\nE       \tBaseThreadInitThunk [0x0x7ff9aa457374+20]\nE       \tRtlUserThreadStart [0x0x7ff9ac49cc91+33]\n\n.venv\\lib\\site-packages\\selenium\\webdriver\\support\\wait.py:146: TimeoutException"}, "description": "Test about link", "steps": [{"name": "time javaScripts", "status": "broken", "statusDetails": {"message": "selenium.common.exceptions.TimeoutException: Message: \nStacktrace:\n\tGetHandleVerifier [0x0x7ff61230e415+77285]\n\tGetHandleVerifier [0x0x7ff61230e470+77376]\n\t(No symbol) [0x0x7ff6120d9a6a]\n\t(No symbol) [0x0x7ff612130406]\n\t(No symbol) [0x0x7ff6121306bc]\n\t(No symbol) [0x0x7ff612183ac7]\n\t(No symbol) [0x0x7ff61215864f]\n\t(No symbol) [0x0x7ff61218087f]\n\t(No symbol) [0x0x7ff6121583e3]\n\t(No symbol) [0x0x7ff612121521]\n\t(No symbol) [0x0x7ff6121222b3]\n\tGetHandleVerifier [0x0x7ff6125f1efd+3107021]\n\tGetHandleVerifier [0x0x7ff6125ec29d+3083373]\n\tGetHandleVerifier [0x0x7ff61260bedd+3213485]\n\tGetHandleVerifier [0x0x7ff61232884e+184862]\n\tGetHandleVerifier [0x0x7ff61233055f+216879]\n\tGetHandleVerifier [0x0x7ff612317084+113236]\n\tGetHandleVerifier [0x0x7ff612317239+113673]\n\tGetHandleVerifier [0x0x7ff6122fe298+11368]\n\tBaseThreadInitThunk [0x0x7ff9aa457374+20]\n\tRtlUserThreadStart [0x0x7ff9ac49cc91+33]\n\n", "trace": "  File \"C:\\Users\\d.milyakova\\Desktop\\testUa\\pythonProject2\\pages\\calendar.py\", line 67, in calendars\n    self.click_selectorenteradate()\n  File \"C:\\Users\\d.milyakova\\Desktop\\testUa\\pythonProject2\\pages\\calendar.py\", line 44, in click_selectorenteradate\n    self.get_selectorenteradate().click()\n  File \"C:\\Users\\d.milyakova\\Desktop\\testUa\\pythonProject2\\pages\\calendar.py\", line 26, in get_selectorenteradate\n    return WebDriverWait(self.driver, 30).until(EC.element_to_be_clickable((\"xpath\", self.selectorenteradate)))\n  File \"C:\\Users\\d.milyakova\\Desktop\\testUa\\pythonProject2\\.venv\\lib\\site-packages\\selenium\\webdriver\\support\\wait.py\", line 146, in until\n    raise TimeoutException(message, screen, stacktrace)\n"}, "start": 1754902673042, "stop": 1754902704894}], "start": 1754902671077, "stop": 1754902707010, "uuid": "5f882fd5-ead8-4530-9e5e-fb90ccd810bc", "historyId": "d8067fe50b380d67d45a1a88cc4b8ce4", "testCaseId": "d8067fe50b380d67d45a1a88cc4b8ce4", "fullName": "test_res.test_calendar#test_slider", "labels": [{"name": "parentSuite", "value": "test_res"}, {"name": "suite", "value": "test_calendar"}, {"name": "host", "value": "dmilyakova"}, {"name": "thread", "value": "31112-MainThread"}, {"name": "framework", "value": "pytest"}, {"name": "language", "value": "cpython3"}, {"name": "package", "value": "test_res.test_calendar"}]}